<?xml version="1.0" encoding="UTF-8"?>
<testng-results skipped="0" failed="1" total="3" passed="2">
  <reporter-output>
  </reporter-output>
  <suite name="Suite" duration-ms="14110" started-at="2019-10-17T01:14:09Z" finished-at="2019-10-17T01:14:23Z">
    <groups>
    </groups>
    <test name="Test" duration-ms="14110" started-at="2019-10-17T01:14:09Z" finished-at="2019-10-17T01:14:23Z">
      <class name="lyg.cases.LoginCase">
        <test-method status="PASS" signature="prepare()[pri:0, instance:lyg.cases.LoginCase@28261e8e]" name="prepare" is-config="true" duration-ms="4370" started-at="2019-10-17T09:14:05Z" finished-at="2019-10-17T09:14:09Z">
          <reporter-output>
          </reporter-output>
        </test-method> <!-- prepare -->
        <test-method status="PASS" signature="logBeforeClass()[pri:0, instance:lyg.cases.LoginCase@28261e8e]" name="logBeforeClass" is-config="true" duration-ms="28" started-at="2019-10-17T09:14:09Z" finished-at="2019-10-17T09:14:09Z">
          <reporter-output>
          </reporter-output>
        </test-method> <!-- logBeforeClass -->
        <test-method status="PASS" signature="testBaidu()[pri:0, instance:lyg.cases.LoginCase@28261e8e]" name="testBaidu" duration-ms="450" started-at="2019-10-17T09:14:09Z" finished-at="2019-10-17T09:14:09Z">
          <reporter-output>
          </reporter-output>
        </test-method> <!-- testBaidu -->
        <test-method status="PASS" signature="testJd()[pri:0, instance:lyg.cases.LoginCase@28261e8e]" name="testJd" duration-ms="362" started-at="2019-10-17T09:14:09Z" finished-at="2019-10-17T09:14:10Z">
          <reporter-output>
          </reporter-output>
        </test-method> <!-- testJd -->
        <test-method status="FAIL" signature="testLogin()[pri:0, instance:lyg.cases.LoginCase@28261e8e]" name="testLogin" duration-ms="5514" started-at="2019-10-17T09:14:10Z" finished-at="2019-10-17T09:14:15Z">
          <exception class="org.openqa.selenium.NoSuchElementException">
            <message>
              <![CDATA[Unable to locate element: //*[@id='app']/div/div[2]/div[2]/form/button
For documentation on this error, please visit: http://seleniumhq.org/exceptions/no_such_element.html
Build info: version: '3.141.0', revision: '2ecb7d9a', time: '2018-10-31T20:22:52'
System info: host: 'CS-110', ip: '172.21.4.21', os.name: 'Windows 7', os.arch: 'amd64', os.version: '6.1', java.version: '1.8.0_131'
Driver info: org.openqa.selenium.firefox.FirefoxDriver
Capabilities {acceptInsecureCerts: true, browserName: firefox, browserVersion: 69.0.1, javascriptEnabled: true, moz:accessibilityChecks: false, moz:buildID: 20190917135527, moz:geckodriverVersion: 0.24.0, moz:headless: false, moz:processID: 102608, moz:profile: C:\Users\cs\AppData\Local\T..., moz:shutdownTimeout: 60000, moz:useNonSpecCompliantPointerOrigin: false, moz:webdriverClick: true, pageLoadStrategy: normal, platform: WINDOWS, platformName: WINDOWS, platformVersion: 6.1, rotatable: false, setWindowRect: true, strictFileInteractability: false, timeouts: {implicit: 0, pageLoad: 300000, script: 30000}, unhandledPromptBehavior: dismiss and notify}
Session ID: c1d981fa-ac68-4b24-b947-526be203a0a6
*** Element info: {Using=xpath, value=//*[@id='app']/div/div[2]/div[2]/form/button}]]>
            </message>
            <full-stacktrace>
              <![CDATA[org.openqa.selenium.NoSuchElementException: Unable to locate element: //*[@id='app']/div/div[2]/div[2]/form/button
For documentation on this error, please visit: http://seleniumhq.org/exceptions/no_such_element.html
Build info: version: '3.141.0', revision: '2ecb7d9a', time: '2018-10-31T20:22:52'
System info: host: 'CS-110', ip: '172.21.4.21', os.name: 'Windows 7', os.arch: 'amd64', os.version: '6.1', java.version: '1.8.0_131'
Driver info: org.openqa.selenium.firefox.FirefoxDriver
Capabilities {acceptInsecureCerts: true, browserName: firefox, browserVersion: 69.0.1, javascriptEnabled: true, moz:accessibilityChecks: false, moz:buildID: 20190917135527, moz:geckodriverVersion: 0.24.0, moz:headless: false, moz:processID: 102608, moz:profile: C:\Users\cs\AppData\Local\T..., moz:shutdownTimeout: 60000, moz:useNonSpecCompliantPointerOrigin: false, moz:webdriverClick: true, pageLoadStrategy: normal, platform: WINDOWS, platformName: WINDOWS, platformVersion: 6.1, rotatable: false, setWindowRect: true, strictFileInteractability: false, timeouts: {implicit: 0, pageLoad: 300000, script: 30000}, unhandledPromptBehavior: dismiss and notify}
Session ID: c1d981fa-ac68-4b24-b947-526be203a0a6
*** Element info: {Using=xpath, value=//*[@id='app']/div/div[2]/div[2]/form/button}
	at sun.reflect.NativeConstructorAccessorImpl.newInstance0(Native Method)
	at sun.reflect.NativeConstructorAccessorImpl.newInstance(NativeConstructorAccessorImpl.java:62)
	at sun.reflect.DelegatingConstructorAccessorImpl.newInstance(DelegatingConstructorAccessorImpl.java:45)
	at java.lang.reflect.Constructor.newInstance(Constructor.java:423)
	at org.openqa.selenium.remote.http.W3CHttpResponseCodec.createException(W3CHttpResponseCodec.java:187)
	at org.openqa.selenium.remote.http.W3CHttpResponseCodec.decode(W3CHttpResponseCodec.java:122)
	at org.openqa.selenium.remote.http.W3CHttpResponseCodec.decode(W3CHttpResponseCodec.java:49)
	at org.openqa.selenium.remote.HttpCommandExecutor.execute(HttpCommandExecutor.java:158)
	at org.openqa.selenium.remote.service.DriverCommandExecutor.execute(DriverCommandExecutor.java:83)
	at org.openqa.selenium.remote.RemoteWebDriver.execute(RemoteWebDriver.java:552)
	at org.openqa.selenium.remote.RemoteWebDriver.findElement(RemoteWebDriver.java:323)
	at org.openqa.selenium.remote.RemoteWebDriver.findElementByXPath(RemoteWebDriver.java:428)
	at org.openqa.selenium.By$ByXPath.findElement(By.java:353)
	at org.openqa.selenium.remote.RemoteWebDriver.findElement(RemoteWebDriver.java:315)
	at lyg.pages.LoginPage.clickLogin(LoginPage.java:26)
	at lyg.businesses.LoginBusiness.testLogin(LoginBusiness.java:23)
	at lyg.cases.LoginCase.testLogin(LoginCase.java:26)
	at sun.reflect.NativeMethodAccessorImpl.invoke0(Native Method)
	at sun.reflect.NativeMethodAccessorImpl.invoke(NativeMethodAccessorImpl.java:62)
	at sun.reflect.DelegatingMethodAccessorImpl.invoke(DelegatingMethodAccessorImpl.java:43)
	at java.lang.reflect.Method.invoke(Method.java:498)
	at org.testng.internal.MethodInvocationHelper.invokeMethod(MethodInvocationHelper.java:80)
	at org.testng.internal.Invoker.invokeMethod(Invoker.java:714)
	at org.testng.internal.Invoker.invokeTestMethod(Invoker.java:901)
	at org.testng.internal.Invoker.invokeTestMethods(Invoker.java:1231)
	at org.testng.internal.TestMethodWorker.invokeTestMethods(TestMethodWorker.java:127)
	at org.testng.internal.TestMethodWorker.run(TestMethodWorker.java:111)
	at org.testng.TestRunner.privateRun(TestRunner.java:767)
	at org.testng.TestRunner.run(TestRunner.java:617)
	at org.testng.SuiteRunner.runTest(SuiteRunner.java:334)
	at org.testng.SuiteRunner.runSequentially(SuiteRunner.java:329)
	at org.testng.SuiteRunner.privateRun(SuiteRunner.java:291)
	at org.testng.SuiteRunner.run(SuiteRunner.java:240)
	at org.testng.SuiteRunnerWorker.runSuite(SuiteRunnerWorker.java:52)
	at org.testng.SuiteRunnerWorker.run(SuiteRunnerWorker.java:86)
	at org.testng.TestNG.runSuitesSequentially(TestNG.java:1198)
	at org.testng.TestNG.runSuitesLocally(TestNG.java:1123)
	at org.testng.TestNG.run(TestNG.java:1031)
	at org.testng.remote.AbstractRemoteTestNG.run(AbstractRemoteTestNG.java:132)
	at org.testng.remote.RemoteTestNG.initAndRun(RemoteTestNG.java:236)
	at org.testng.remote.RemoteTestNG.main(RemoteTestNG.java:81)
]]>
            </full-stacktrace>
          </exception> <!-- org.openqa.selenium.NoSuchElementException -->
          <reporter-output>
          </reporter-output>
        </test-method> <!-- testLogin -->
        <test-method status="PASS" signature="logAfterClass()[pri:0, instance:lyg.cases.LoginCase@28261e8e]" name="logAfterClass" is-config="true" duration-ms="2426" started-at="2019-10-17T09:14:21Z" finished-at="2019-10-17T09:14:23Z">
          <reporter-output>
          </reporter-output>
        </test-method> <!-- logAfterClass -->
        <test-method status="PASS" signature="cleanup()[pri:0, instance:lyg.cases.LoginCase@28261e8e]" name="cleanup" is-config="true" duration-ms="3396" started-at="2019-10-17T09:14:23Z" finished-at="2019-10-17T09:14:26Z">
          <reporter-output>
          </reporter-output>
        </test-method> <!-- cleanup -->
      </class> <!-- lyg.cases.LoginCase -->
    </test> <!-- Test -->
  </suite> <!-- Suite -->
</testng-results>
